<?xml version="1.0" encoding="UTF-8"?>
<!-- Generated by org.testng.reporters.JUnitReportReporter -->
<testsuite hostname="LAPTOP-D71C44V8" failures="0" tests="1" name="sis.pcm.stepdefinitions.POC1" time="16.864" errors="0" timestamp="2023-11-16T17:10:54 CET" skipped="0">
  <testcase classname="sis.pcm.stepdefinitions.POC1" name="method1" time="16.864"/>
  <system-out/>
</testsuite> <!-- sis.pcm.stepdefinitions.POC1 -->
