<?xml version="1.0" encoding="UTF-8"?>
<!-- Generated by org.testng.reporters.JUnitReportReporter -->
<testsuite hostname="LAPTOP-3JJ2I02A" failures="0" tests="1" name="sis.pcm.pageobjects.test" time="0.054" errors="0" timestamp="2023-06-09T17:47:32 IST" skipped="0">
  <testcase classname="sis.pcm.pageobjects.test" name="method1" time="0.054"/>
  <system-out/>
</testsuite> <!-- sis.pcm.pageobjects.test -->
